# JRE version: OpenJDK Runtime Environment (8.0_76-b03) (build 1.8.0_76-release-b03)
# Java VM: OpenJDK 64-Bit Server VM (25.76-b03 mixed mode windows-amd64 compressed oops)
Heap:
 PSYoungGen      total 422912K, used 205900K [0x00000000e0000000, 0x0000000100000000, 0x0000000100000000)
  eden space 350720K, 38% used [0x00000000e0000000,0x00000000e82998f8,0x00000000f5680000)
  from space 72192K, 99% used [0x00000000f5680000,0x00000000f9cf9ad0,0x00000000f9d00000)
  to   space 98816K, 0% used [0x00000000f9f80000,0x00000000f9f80000,0x0000000100000000)
 ParOldGen       total 187904K, used 140706K [0x00000000a0000000, 0x00000000ab780000, 0x00000000e0000000)
  object space 187904K, 74% used [0x00000000a0000000,0x00000000a8968998,0x00000000ab780000)
 Metaspace       used 74063K, capacity 78022K, committed 78208K, reserved 1118208K
  class space    used 9489K, capacity 10232K, committed 10368K, reserved 1048576K
GC Heap History (10 events):
Event: 1260.003 GC heap before
{Heap before GC invocations=29 (full 5):
 PSYoungGen      total 291328K, used 278610K [0x00000000e0000000, 0x00000000f6400000, 0x0000000100000000)
  eden space 259584K, 100% used [0x00000000e0000000,0x00000000efd80000,0x00000000efd80000)
  from space 31744K, 59% used [0x00000000efd80000,0x00000000f1014948,0x00000000f1c80000)
  to   space 32768K, 0% used [0x00000000f4400000,0x00000000f4400000,0x00000000f6400000)
 ParOldGen       total 89088K, used 51488K [0x00000000a0000000, 0x00000000a5700000, 0x00000000e0000000)
  object space 89088K, 57% used [0x00000000a0000000,0x00000000a32480f0,0x00000000a5700000)
 Metaspace       used 73894K, capacity 77772K, committed 77952K, reserved 1116160K
  class space    used 9492K, capacity 10241K, committed 10368K, reserved 1048576K
Event: 1260.097 GC heap after
Heap after GC invocations=29 (full 5):
 PSYoungGen      total 316416K, used 32756K [0x00000000e0000000, 0x00000000f9e80000, 0x0000000100000000)
  eden space 283648K, 0% used [0x00000000e0000000,0x00000000e0000000,0x00000000f1500000)
  from space 32768K, 99% used [0x00000000f4400000,0x00000000f63fd1f8,0x00000000f6400000)
  to   space 48128K, 0% used [0x00000000f1500000,0x00000000f1500000,0x00000000f4400000)
 ParOldGen       total 89088K, used 77566K [0x00000000a0000000, 0x00000000a5700000, 0x00000000e0000000)
  object space 89088K, 87% used [0x00000000a0000000,0x00000000a4bbfb20,0x00000000a5700000)
 Metaspace       used 73894K, capacity 77772K, committed 77952K, reserved 1116160K
  class space    used 9492K, capacity 10241K, committed 10368K, reserved 1048576K
}
Event: 1260.097 GC heap before
{Heap before GC invocations=30 (full 6):
 PSYoungGen      total 316416K, used 32756K [0x00000000e0000000, 0x00000000f9e80000, 0x0000000100000000)
  eden space 283648K, 0% used [0x00000000e0000000,0x00000000e0000000,0x00000000f1500000)
  from space 32768K, 99% used [0x00000000f4400000,0x00000000f63fd1f8,0x00000000f6400000)
  to   space 48128K, 0% used [0x00000000f1500000,0x00000000f1500000,0x00000000f4400000)
 ParOldGen       total 89088K, used 77566K [0x00000000a0000000, 0x00000000a5700000, 0x00000000e0000000)
  object space 89088K, 87% used [0x00000000a0000000,0x00000000a4bbfb20,0x00000000a5700000)
 Metaspace       used 73894K, capacity 77772K, committed 77952K, reserved 1116160K
  class space    used 9492K, capacity 10241K, committed 10368K, reserved 1048576K
Event: 1261.131 GC heap after
Heap after GC invocations=30 (full 6):
 PSYoungGen      total 316416K, used 19322K [0x00000000e0000000, 0x00000000f9e80000, 0x0000000100000000)
  eden space 283648K, 0% used [0x00000000e0000000,0x00000000e0000000,0x00000000f1500000)
  from space 32768K, 58% used [0x00000000f4400000,0x00000000f56dea38,0x00000000f6400000)
  to   space 48128K, 0% used [0x00000000f1500000,0x00000000f1500000,0x00000000f4400000)
 ParOldGen       total 187904K, used 88948K [0x00000000a0000000, 0x00000000ab780000, 0x00000000e0000000)
  object space 187904K, 47% used [0x00000000a0000000,0x00000000a56dd058,0x00000000ab780000)
 Metaspace       used 73867K, capacity 77706K, committed 77952K, reserved 1116160K
  class space    used 9482K, capacity 10222K, committed 10368K, reserved 1048576K
}
Event: 1262.611 GC heap before
{Heap before GC invocations=31 (full 6):
 PSYoungGen      total 316416K, used 302970K [0x00000000e0000000, 0x00000000f9e80000, 0x0000000100000000)
  eden space 283648K, 100% used [0x00000000e0000000,0x00000000f1500000,0x00000000f1500000)
  from space 32768K, 58% used [0x00000000f4400000,0x00000000f56dea38,0x00000000f6400000)
  to   space 48128K, 0% used [0x00000000f1500000,0x00000000f1500000,0x00000000f4400000)
 ParOldGen       total 187904K, used 88948K [0x00000000a0000000, 0x00000000ab780000, 0x00000000e0000000)
  object space 187904K, 47% used [0x00000000a0000000,0x00000000a56dd058,0x00000000ab780000)
 Metaspace       used 73983K, capacity 77834K, committed 78208K, reserved 1118208K
  class space    used 9483K, capacity 10222K, committed 10368K, reserved 1048576K
Event: 1262.702 GC heap after
Heap after GC invocations=31 (full 6):
 PSYoungGen      total 331776K, used 48110K [0x00000000e0000000, 0x00000000fd680000, 0x0000000100000000)
  eden space 283648K, 0% used [0x00000000e0000000,0x00000000e0000000,0x00000000f1500000)
  from space 48128K, 99% used [0x00000000f1500000,0x00000000f43fba00,0x00000000f4400000)
  to   space 58880K, 0% used [0x00000000f9d00000,0x00000000f9d00000,0x00000000fd680000)
 ParOldGen       total 187904K, used 95989K [0x00000000a0000000, 0x00000000ab780000, 0x00000000e0000000)
  object space 187904K, 51% used [0x00000000a0000000,0x00000000a5dbd760,0x00000000ab780000)
 Metaspace       used 73983K, capacity 77834K, committed 78208K, reserved 1118208K
  class space    used 9483K, capacity 10222K, committed 10368K, reserved 1048576K
}
Event: 1263.578 GC heap before
{Heap before GC invocations=32 (full 6):
 PSYoungGen      total 331776K, used 331758K [0x00000000e0000000, 0x00000000fd680000, 0x0000000100000000)
  eden space 283648K, 100% used [0x00000000e0000000,0x00000000f1500000,0x00000000f1500000)
  from space 48128K, 99% used [0x00000000f1500000,0x00000000f43fba00,0x00000000f4400000)
  to   space 58880K, 0% used [0x00000000f9d00000,0x00000000f9d00000,0x00000000fd680000)
 ParOldGen       total 187904K, used 95989K [0x00000000a0000000, 0x00000000ab780000, 0x00000000e0000000)
  object space 187904K, 51% used [0x00000000a0000000,0x00000000a5dbd760,0x00000000ab780000)
 Metaspace       used 74016K, capacity 77834K, committed 78208K, reserved 1118208K
  class space    used 9483K, capacity 10222K, committed 10368K, reserved 1048576K
Event: 1263.682 GC heap after
Heap after GC invocations=32 (full 6):
 PSYoungGen      total 409600K, used 58875K [0x00000000e0000000, 0x00000000ff980000, 0x0000000100000000)
  eden space 350720K, 0% used [0x00000000e0000000,0x00000000e0000000,0x00000000f5680000)
  from space 58880K, 99% used [0x00000000f9d00000,0x00000000fd67ec10,0x00000000fd680000)
  to   space 72192K, 0% used [0x00000000f5680000,0x00000000f5680000,0x00000000f9d00000)
 ParOldGen       total 187904K, used 103236K [0x00000000a0000000, 0x00000000ab780000, 0x00000000e0000000)
  object space 187904K, 54% used [0x00000000a0000000,0x00000000a64d1038,0x00000000ab780000)
 Metaspace       used 74016K, capacity 77834K, committed 78208K, reserved 1118208K
  class space    used 9483K, capacity 10222K, committed 10368K, reserved 1048576K
}
Event: 1265.103 GC heap before
{Heap before GC invocations=33 (full 6):
 PSYoungGen      total 409600K, used 409595K [0x00000000e0000000, 0x00000000ff980000, 0x0000000100000000)
  eden space 350720K, 100% used [0x00000000e0000000,0x00000000f5680000,0x00000000f5680000)
  from space 58880K, 99% used [0x00000000f9d00000,0x00000000fd67ec10,0x00000000fd680000)
  to   space 72192K, 0% used [0x00000000f5680000,0x00000000f5680000,0x00000000f9d00000)
 ParOldGen       total 187904K, used 103236K [0x00000000a0000000, 0x00000000ab780000, 0x00000000e0000000)
  object space 187904K, 54% used [0x00000000a0000000,0x00000000a64d1038,0x00000000ab780000)
 Metaspace       used 74030K, capacity 77834K, committed 78208K, reserved 1118208K
  class space    used 9483K, capacity 10222K, committed 10368K, reserved 1048576K
Event: 1265.294 GC heap after
Heap after GC invocations=33 (full 6):
 PSYoungGen      total 422912K, used 72166K [0x00000000e0000000, 0x0000000100000000, 0x0000000100000000)
  eden space 350720K, 0% used [0x00000000e0000000,0x00000000e0000000,0x00000000f5680000)
  from space 72192K, 99% used [0x00000000f5680000,0x00000000f9cf9ad0,0x00000000f9d00000)
  to   space 98816K, 0% used [0x00000000f9f80000,0x00000000f9f80000,0x0000000100000000)
 ParOldGen       total 187904K, used 140706K [0x00000000a0000000, 0x00000000ab780000, 0x00000000e0000000)
  object space 187904K, 74% used [0x00000000a0000000,0x00000000a8968998,0x00000000ab780000)
 Metaspace       used 74030K, capacity 77834K, committed 78208K, reserved 1118208K
  class space    used 9483K, capacity 10222K, committed 10368K, reserved 1048576K
}

