# JRE version: OpenJDK Runtime Environment (8.0_76-b03) (build 1.8.0_76-release-b03)
# Java VM: OpenJDK 64-Bit Server VM (25.76-b03 mixed mode windows-amd64 compressed oops)
Heap:
 PSYoungGen      total 346112K, used 57400K [0x00000000e0000000, 0x00000000fbf80000, 0x0000000100000000)
  eden space 325632K, 14% used [0x00000000e0000000,0x00000000e2f533d0,0x00000000f3e00000)
  from space 20480K, 43% used [0x00000000f3e00000,0x00000000f46bac98,0x00000000f5200000)
  to   space 19456K, 0% used [0x00000000fac80000,0x00000000fac80000,0x00000000fbf80000)
 ParOldGen       total 81920K, used 58945K [0x00000000a0000000, 0x00000000a5000000, 0x00000000e0000000)
  object space 81920K, 71% used [0x00000000a0000000,0x00000000a3990540,0x00000000a5000000)
 Metaspace       used 71083K, capacity 74624K, committed 74672K, reserved 1114112K
  class space    used 9410K, capacity 10156K, committed 10160K, reserved 1048576K
GC Heap History (10 events):
Event: 527.854 GC heap before
{Heap before GC invocations=20 (full 4):
 PSYoungGen      total 265216K, used 8696K [0x00000000e0000000, 0x00000000f1900000, 0x0000000100000000)
  eden space 244736K, 0% used [0x00000000e0000000,0x00000000e0000000,0x00000000eef00000)
  from space 20480K, 42% used [0x00000000f0500000,0x00000000f0d7e300,0x00000000f1900000)
  to   space 21504K, 0% used [0x00000000eef00000,0x00000000eef00000,0x00000000f0400000)
 ParOldGen       total 81920K, used 42659K [0x00000000a0000000, 0x00000000a5000000, 0x00000000e0000000)
  object space 81920K, 52% used [0x00000000a0000000,0x00000000a29a8fb0,0x00000000a5000000)
 Metaspace       used 60490K, capacity 63076K, committed 63408K, reserved 1103872K
  class space    used 8169K, capacity 8769K, committed 8880K, reserved 1048576K
Event: 528.438 GC heap after
Heap after GC invocations=20 (full 4):
 PSYoungGen      total 265216K, used 0K [0x00000000e0000000, 0x00000000f1900000, 0x0000000100000000)
  eden space 244736K, 0% used [0x00000000e0000000,0x00000000e0000000,0x00000000eef00000)
  from space 20480K, 0% used [0x00000000f0500000,0x00000000f0500000,0x00000000f1900000)
  to   space 21504K, 0% used [0x00000000eef00000,0x00000000eef00000,0x00000000f0400000)
 ParOldGen       total 81920K, used 50712K [0x00000000a0000000, 0x00000000a5000000, 0x00000000e0000000)
  object space 81920K, 61% used [0x00000000a0000000,0x00000000a31862a8,0x00000000a5000000)
 Metaspace       used 60488K, capacity 63070K, committed 63408K, reserved 1103872K
  class space    used 8168K, capacity 8768K, committed 8880K, reserved 1048576K
}
Event: 1115.750 GC heap before
{Heap before GC invocations=21 (full 4):
 PSYoungGen      total 265216K, used 244736K [0x00000000e0000000, 0x00000000f1900000, 0x0000000100000000)
  eden space 244736K, 100% used [0x00000000e0000000,0x00000000eef00000,0x00000000eef00000)
  from space 20480K, 0% used [0x00000000f0500000,0x00000000f0500000,0x00000000f1900000)
  to   space 21504K, 0% used [0x00000000eef00000,0x00000000eef00000,0x00000000f0400000)
 ParOldGen       total 81920K, used 50712K [0x00000000a0000000, 0x00000000a5000000, 0x00000000e0000000)
  object space 81920K, 61% used [0x00000000a0000000,0x00000000a31862a8,0x00000000a5000000)
 Metaspace       used 61644K, capacity 64492K, committed 64816K, reserved 1105920K
  class space    used 8295K, capacity 8932K, committed 9008K, reserved 1048576K
Event: 1115.763 GC heap after
Heap after GC invocations=21 (full 4):
 PSYoungGen      total 266240K, used 4850K [0x00000000e0000000, 0x00000000f6800000, 0x0000000100000000)
  eden space 244736K, 0% used [0x00000000e0000000,0x00000000e0000000,0x00000000eef00000)
  from space 21504K, 22% used [0x00000000eef00000,0x00000000ef3bc9c8,0x00000000f0400000)
  to   space 21504K, 0% used [0x00000000f5300000,0x00000000f5300000,0x00000000f6800000)
 ParOldGen       total 81920K, used 50720K [0x00000000a0000000, 0x00000000a5000000, 0x00000000e0000000)
  object space 81920K, 61% used [0x00000000a0000000,0x00000000a31882a8,0x00000000a5000000)
 Metaspace       used 61644K, capacity 64492K, committed 64816K, reserved 1105920K
  class space    used 8295K, capacity 8932K, committed 9008K, reserved 1048576K
}
Event: 1118.431 GC heap before
{Heap before GC invocations=22 (full 4):
 PSYoungGen      total 266240K, used 70120K [0x00000000e0000000, 0x00000000f6800000, 0x0000000100000000)
  eden space 244736K, 26% used [0x00000000e0000000,0x00000000e3fbda28,0x00000000eef00000)
  from space 21504K, 22% used [0x00000000eef00000,0x00000000ef3bc9c8,0x00000000f0400000)
  to   space 21504K, 0% used [0x00000000f5300000,0x00000000f5300000,0x00000000f6800000)
 ParOldGen       total 81920K, used 50720K [0x00000000a0000000, 0x00000000a5000000, 0x00000000e0000000)
  object space 81920K, 61% used [0x00000000a0000000,0x00000000a31882a8,0x00000000a5000000)
 Metaspace       used 64755K, capacity 68020K, committed 68272K, reserved 1107968K
  class space    used 8665K, capacity 9370K, committed 9392K, reserved 1048576K
Event: 1118.441 GC heap after
Heap after GC invocations=22 (full 4):
 PSYoungGen      total 345088K, used 9754K [0x00000000e0000000, 0x00000000f6600000, 0x0000000100000000)
  eden space 325632K, 0% used [0x00000000e0000000,0x00000000e0000000,0x00000000f3e00000)
  from space 19456K, 50% used [0x00000000f5300000,0x00000000f5c869d8,0x00000000f6600000)
  to   space 20480K, 0% used [0x00000000f3e00000,0x00000000f3e00000,0x00000000f5200000)
 ParOldGen       total 81920K, used 50728K [0x00000000a0000000, 0x00000000a5000000, 0x00000000e0000000)
  object space 81920K, 61% used [0x00000000a0000000,0x00000000a318a2a8,0x00000000a5000000)
 Metaspace       used 64755K, capacity 68020K, committed 68272K, reserved 1107968K
  class space    used 8665K, capacity 9370K, committed 9392K, reserved 1048576K
}
Event: 1118.441 GC heap before
{Heap before GC invocations=23 (full 5):
 PSYoungGen      total 345088K, used 9754K [0x00000000e0000000, 0x00000000f6600000, 0x0000000100000000)
  eden space 325632K, 0% used [0x00000000e0000000,0x00000000e0000000,0x00000000f3e00000)
  from space 19456K, 50% used [0x00000000f5300000,0x00000000f5c869d8,0x00000000f6600000)
  to   space 20480K, 0% used [0x00000000f3e00000,0x00000000f3e00000,0x00000000f5200000)
 ParOldGen       total 81920K, used 50728K [0x00000000a0000000, 0x00000000a5000000, 0x00000000e0000000)
  object space 81920K, 61% used [0x00000000a0000000,0x00000000a318a2a8,0x00000000a5000000)
 Metaspace       used 64755K, capacity 68020K, committed 68272K, reserved 1107968K
  class space    used 8665K, capacity 9370K, committed 9392K, reserved 1048576K
Event: 1118.909 GC heap after
Heap after GC invocations=23 (full 5):
 PSYoungGen      total 345088K, used 0K [0x00000000e0000000, 0x00000000f6600000, 0x0000000100000000)
  eden space 325632K, 0% used [0x00000000e0000000,0x00000000e0000000,0x00000000f3e00000)
  from space 19456K, 0% used [0x00000000f5300000,0x00000000f5300000,0x00000000f6600000)
  to   space 20480K, 0% used [0x00000000f3e00000,0x00000000f3e00000,0x00000000f5200000)
 ParOldGen       total 81920K, used 58937K [0x00000000a0000000, 0x00000000a5000000, 0x00000000e0000000)
  object space 81920K, 71% used [0x00000000a0000000,0x00000000a398e540,0x00000000a5000000)
 Metaspace       used 64729K, capacity 67932K, committed 68272K, reserved 1107968K
  class space    used 8657K, capacity 9362K, committed 9392K, reserved 1048576K
}
Event: 1707.106 GC heap before
{Heap before GC invocations=24 (full 5):
 PSYoungGen      total 345088K, used 325632K [0x00000000e0000000, 0x00000000f6600000, 0x0000000100000000)
  eden space 325632K, 100% used [0x00000000e0000000,0x00000000f3e00000,0x00000000f3e00000)
  from space 19456K, 0% used [0x00000000f5300000,0x00000000f5300000,0x00000000f6600000)
  to   space 20480K, 0% used [0x00000000f3e00000,0x00000000f3e00000,0x00000000f5200000)
 ParOldGen       total 81920K, used 58937K [0x00000000a0000000, 0x00000000a5000000, 0x00000000e0000000)
  object space 81920K, 71% used [0x00000000a0000000,0x00000000a398e540,0x00000000a5000000)
 Metaspace       used 67045K, capacity 70568K, committed 70576K, reserved 1110016K
  class space    used 8895K, capacity 9640K, committed 9648K, reserved 1048576K
Event: 1707.124 GC heap after
Heap after GC invocations=24 (full 5):
 PSYoungGen      total 346112K, used 8939K [0x00000000e0000000, 0x00000000fbf80000, 0x0000000100000000)
  eden space 325632K, 0% used [0x00000000e0000000,0x00000000e0000000,0x00000000f3e00000)
  from space 20480K, 43% used [0x00000000f3e00000,0x00000000f46bac98,0x00000000f5200000)
  to   space 19456K, 0% used [0x00000000fac80000,0x00000000fac80000,0x00000000fbf80000)
 ParOldGen       total 81920K, used 58945K [0x00000000a0000000, 0x00000000a5000000, 0x00000000e0000000)
  object space 81920K, 71% used [0x00000000a0000000,0x00000000a3990540,0x00000000a5000000)
 Metaspace       used 67045K, capacity 70568K, committed 70576K, reserved 1110016K
  class space    used 8895K, capacity 9640K, committed 9648K, reserved 1048576K
}

