# JRE version: OpenJDK Runtime Environment (8.0_76-b03) (build 1.8.0_76-release-b03)
# Java VM: OpenJDK 64-Bit Server VM (25.76-b03 mixed mode windows-amd64 compressed oops)
Heap:
 PSYoungGen      total 436224K, used 131639K [0x00000000e0000000, 0x0000000100000000, 0x0000000100000000)
  eden space 387072K, 34% used [0x00000000e0000000,0x00000000e808dd90,0x00000000f7a00000)
  from space 49152K, 0% used [0x00000000fd000000,0x00000000fd000000,0x0000000100000000)
  to   space 68608K, 0% used [0x00000000f7a00000,0x00000000f7a00000,0x00000000fbd00000)
 ParOldGen       total 166912K, used 55967K [0x00000000a0000000, 0x00000000aa300000, 0x00000000e0000000)
  object space 166912K, 33% used [0x00000000a0000000,0x00000000a36a7e58,0x00000000aa300000)
 Metaspace       used 73922K, capacity 77014K, committed 77232K, reserved 1116160K
  class space    used 9468K, capacity 10118K, committed 10160K, reserved 1048576K
GC Heap History (10 events):
Event: 262.733 GC heap before
{Heap before GC invocations=21 (full 4):
 PSYoungGen      total 404480K, used 29180K [0x00000000e0000000, 0x0000000100000000, 0x0000000100000000)
  eden space 375296K, 0% used [0x00000000e0000000,0x00000000e0000000,0x00000000f6e80000)
  from space 29184K, 99% used [0x00000000f6e80000,0x00000000f8aff2b0,0x00000000f8b00000)
  to   space 38400K, 0% used [0x00000000fda80000,0x00000000fda80000,0x0000000100000000)
 ParOldGen       total 79872K, used 74446K [0x00000000a0000000, 0x00000000a4e00000, 0x00000000e0000000)
  object space 79872K, 93% used [0x00000000a0000000,0x00000000a48b3a70,0x00000000a4e00000)
 Metaspace       used 69517K, capacity 72316K, committed 72368K, reserved 1112064K
  class space    used 8997K, capacity 9621K, committed 9648K, reserved 1048576K
Event: 263.999 GC heap after
Heap after GC invocations=21 (full 4):
 PSYoungGen      total 404480K, used 487K [0x00000000e0000000, 0x0000000100000000, 0x0000000100000000)
  eden space 375296K, 0% used [0x00000000e0000000,0x00000000e0000000,0x00000000f6e80000)
  from space 29184K, 1% used [0x00000000f6e80000,0x00000000f6ef9d80,0x00000000f8b00000)
  to   space 38400K, 0% used [0x00000000fda80000,0x00000000fda80000,0x0000000100000000)
 ParOldGen       total 166912K, used 79844K [0x00000000a0000000, 0x00000000aa300000, 0x00000000e0000000)
  object space 166912K, 47% used [0x00000000a0000000,0x00000000a4df9250,0x00000000aa300000)
 Metaspace       used 69478K, capacity 72206K, committed 72368K, reserved 1112064K
  class space    used 8983K, capacity 9596K, committed 9648K, reserved 1048576K
}
Event: 265.286 GC heap before
{Heap before GC invocations=22 (full 4):
 PSYoungGen      total 404480K, used 375783K [0x00000000e0000000, 0x0000000100000000, 0x0000000100000000)
  eden space 375296K, 100% used [0x00000000e0000000,0x00000000f6e80000,0x00000000f6e80000)
  from space 29184K, 1% used [0x00000000f6e80000,0x00000000f6ef9d80,0x00000000f8b00000)
  to   space 38400K, 0% used [0x00000000fda80000,0x00000000fda80000,0x0000000100000000)
 ParOldGen       total 166912K, used 79844K [0x00000000a0000000, 0x00000000aa300000, 0x00000000e0000000)
  object space 166912K, 47% used [0x00000000a0000000,0x00000000a4df9250,0x00000000aa300000)
 Metaspace       used 69535K, capacity 72270K, committed 72624K, reserved 1112064K
  class space    used 8983K, capacity 9596K, committed 9648K, reserved 1048576K
Event: 265.392 GC heap after
Heap after GC invocations=22 (full 4):
 PSYoungGen      total 464384K, used 38393K [0x00000000e0000000, 0x0000000100000000, 0x0000000100000000)
  eden space 425984K, 0% used [0x00000000e0000000,0x00000000e0000000,0x00000000fa000000)
  from space 38400K, 99% used [0x00000000fda80000,0x00000000ffffe478,0x0000000100000000)
  to   space 49152K, 0% used [0x00000000fa000000,0x00000000fa000000,0x00000000fd000000)
 ParOldGen       total 166912K, used 91459K [0x00000000a0000000, 0x00000000aa300000, 0x00000000e0000000)
  object space 166912K, 54% used [0x00000000a0000000,0x00000000a5950ec8,0x00000000aa300000)
 Metaspace       used 69535K, capacity 72270K, committed 72624K, reserved 1112064K
  class space    used 8983K, capacity 9596K, committed 9648K, reserved 1048576K
}
Event: 266.663 GC heap before
{Heap before GC invocations=23 (full 4):
 PSYoungGen      total 464384K, used 464377K [0x00000000e0000000, 0x0000000100000000, 0x0000000100000000)
  eden space 425984K, 100% used [0x00000000e0000000,0x00000000fa000000,0x00000000fa000000)
  from space 38400K, 99% used [0x00000000fda80000,0x00000000ffffe478,0x0000000100000000)
  to   space 49152K, 0% used [0x00000000fa000000,0x00000000fa000000,0x00000000fd000000)
 ParOldGen       total 166912K, used 91459K [0x00000000a0000000, 0x00000000aa300000, 0x00000000e0000000)
  object space 166912K, 54% used [0x00000000a0000000,0x00000000a5950ec8,0x00000000aa300000)
 Metaspace       used 69573K, capacity 72334K, committed 72624K, reserved 1112064K
  class space    used 8983K, capacity 9596K, committed 9648K, reserved 1048576K
Event: 266.858 GC heap after
Heap after GC invocations=23 (full 4):
 PSYoungGen      total 475136K, used 49126K [0x00000000e0000000, 0x0000000100000000, 0x0000000100000000)
  eden space 425984K, 0% used [0x00000000e0000000,0x00000000e0000000,0x00000000fa000000)
  from space 49152K, 99% used [0x00000000fa000000,0x00000000fcff9988,0x00000000fd000000)
  to   space 49152K, 0% used [0x00000000fd000000,0x00000000fd000000,0x0000000100000000)
 ParOldGen       total 166912K, used 129737K [0x00000000a0000000, 0x00000000aa300000, 0x00000000e0000000)
  object space 166912K, 77% used [0x00000000a0000000,0x00000000a7eb2608,0x00000000aa300000)
 Metaspace       used 69573K, capacity 72334K, committed 72624K, reserved 1112064K
  class space    used 8983K, capacity 9596K, committed 9648K, reserved 1048576K
}
Event: 271.215 GC heap before
{Heap before GC invocations=24 (full 4):
 PSYoungGen      total 475136K, used 466998K [0x00000000e0000000, 0x0000000100000000, 0x0000000100000000)
  eden space 425984K, 98% used [0x00000000e0000000,0x00000000f9814100,0x00000000fa000000)
  from space 49152K, 99% used [0x00000000fa000000,0x00000000fcff9988,0x00000000fd000000)
  to   space 49152K, 0% used [0x00000000fd000000,0x00000000fd000000,0x0000000100000000)
 ParOldGen       total 166912K, used 129737K [0x00000000a0000000, 0x00000000aa300000, 0x00000000e0000000)
  object space 166912K, 77% used [0x00000000a0000000,0x00000000a7eb2608,0x00000000aa300000)
 Metaspace       used 70725K, capacity 73492K, committed 73776K, reserved 1114112K
  class space    used 9133K, capacity 9739K, committed 9776K, reserved 1048576K
Event: 271.299 GC heap after
Heap after GC invocations=24 (full 4):
 PSYoungGen      total 436224K, used 15004K [0x00000000e0000000, 0x0000000100000000, 0x0000000100000000)
  eden space 387072K, 0% used [0x00000000e0000000,0x00000000e0000000,0x00000000f7a00000)
  from space 49152K, 30% used [0x00000000fd000000,0x00000000fdea72d8,0x0000000100000000)
  to   space 68608K, 0% used [0x00000000f7a00000,0x00000000f7a00000,0x00000000fbd00000)
 ParOldGen       total 166912K, used 153532K [0x00000000a0000000, 0x00000000aa300000, 0x00000000e0000000)
  object space 166912K, 91% used [0x00000000a0000000,0x00000000a95ef1d8,0x00000000aa300000)
 Metaspace       used 70725K, capacity 73492K, committed 73776K, reserved 1114112K
  class space    used 9133K, capacity 9739K, committed 9776K, reserved 1048576K
}
Event: 271.299 GC heap before
{Heap before GC invocations=25 (full 5):
 PSYoungGen      total 436224K, used 15004K [0x00000000e0000000, 0x0000000100000000, 0x0000000100000000)
  eden space 387072K, 0% used [0x00000000e0000000,0x00000000e0000000,0x00000000f7a00000)
  from space 49152K, 30% used [0x00000000fd000000,0x00000000fdea72d8,0x0000000100000000)
  to   space 68608K, 0% used [0x00000000f7a00000,0x00000000f7a00000,0x00000000fbd00000)
 ParOldGen       total 166912K, used 153532K [0x00000000a0000000, 0x00000000aa300000, 0x00000000e0000000)
  object space 166912K, 91% used [0x00000000a0000000,0x00000000a95ef1d8,0x00000000aa300000)
 Metaspace       used 70725K, capacity 73492K, committed 73776K, reserved 1114112K
  class space    used 9133K, capacity 9739K, committed 9776K, reserved 1048576K
Event: 271.701 GC heap after
Heap after GC invocations=25 (full 5):
 PSYoungGen      total 436224K, used 0K [0x00000000e0000000, 0x0000000100000000, 0x0000000100000000)
  eden space 387072K, 0% used [0x00000000e0000000,0x00000000e0000000,0x00000000f7a00000)
  from space 49152K, 0% used [0x00000000fd000000,0x00000000fd000000,0x0000000100000000)
  to   space 68608K, 0% used [0x00000000f7a00000,0x00000000f7a00000,0x00000000fbd00000)
 ParOldGen       total 166912K, used 55967K [0x00000000a0000000, 0x00000000aa300000, 0x00000000e0000000)
  object space 166912K, 33% used [0x00000000a0000000,0x00000000a36a7e58,0x00000000aa300000)
 Metaspace       used 70725K, capacity 73492K, committed 73776K, reserved 1114112K
  class space    used 9133K, capacity 9739K, committed 9776K, reserved 1048576K
}

